<?xml version="1.0" encoding="UTF-8"?>
<!-- Generated by org.testng.reporters.JUnitReportReporter -->
<testsuite hostname="VINAY" failures="0" tests="1" name="com.appiumDay1.Launch_App" time="0.028" errors="0" timestamp="2024-04-26T23:10:28 IST" skipped="0">
  <testcase classname="com.appiumDay1.Launch_App" name="launch_app_in_device" time="0.028"/>
  <system-out/>
</testsuite> <!-- com.appiumDay1.Launch_App -->
